Release 14.6 Map P.68d (lin64)
Xilinx Mapping Report File for Design 'hsio_top'

Design Information
------------------
Command Line   : map -global_opt off -cm balanced -ir off -pr b -c 100 -p
xc4vfx60-11-ff1152 -o hsio_top_map.ncd hsio_top.ngd hsio_top.pcf 
Target Device  : xc4vfx60
Target Package : ff1152
Target Speed   : -11
Stepping Level : 0
Mapper Version : virtex4 -- $Revision: 1.55 $
Mapped Date    : Tue Sep 16 14:20:53 2014

Design Summary
--------------
Number of errors   :   1
Number of warnings :   0

Section 1 - Errors
------------------
ERROR:Security:12 - No 'xc4vfx60' feature version 2013.06 was available (-15),
ERROR:Map:258 - A problem was encountered attempting to get the license for this
   architecture. 

Section 2 - Warnings
--------------------
WARNING:Security:43 - No license file was found in the standard Xilinx license
directory.
WARNING:Security:44 - Since no license file was found,
WARNING:Security:9b - No 'ISE' feature version 2013.06 was available for part
'xc4vfx60'.

Section 3 - Informational
-------------------------
INFO:Security:51 - The XILINXD_LICENSE_FILE environment variable is not set.
INFO:Security:53 - The LM_LICENSE_FILE environment variable is not set.
INFO:Security:56 - Part 'xc4vfx60' is not a WebPack part.
INFO:Security:68a - user is leejr, on host lxplus0074.cern.ch.
